This is pdfTeX, Version 3.14159265-2.6-1.40.19 (MiKTeX 2.9.6630 64-bit) (preloaded format=pdflatex 2018.4.25)  31 JAN 2019 02:11
entering extended mode
**c:/Users/Kamil/Desktop/statsex11week13/statsex11wk13.tex
(c:/Users/Kamil/Desktop/statsex11week13/statsex11wk13.tex
LaTeX2e <2017-04-15>
Babel <3.18> and hyphenation patterns for 75 language(s) loaded.
("C:\1 Things\Software & Programs\MiKTeX\tex\latex\base\article.cls"
Document Class: article 2014/09/29 v1.4h Standard LaTeX document class
("C:\1 Things\Software & Programs\MiKTeX\tex\latex\base\size10.clo"
File: size10.clo 2014/09/29 v1.4h Standard LaTeX file (size option)
)
\c@part=\count79
\c@section=\count80
\c@subsection=\count81
\c@subsubsection=\count82
\c@paragraph=\count83
\c@subparagraph=\count84
\c@figure=\count85
\c@table=\count86
\abovecaptionskip=\skip41
\belowcaptionskip=\skip42
\bibindent=\dimen102
) (c:/Users\Kamil\Desktop\statsex11week13\statsex11wk13.aux)
\openout1 = `statsex11wk13.aux'.

LaTeX Font Info:    Checking defaults for OML/cmm/m/it on input line 10.
LaTeX Font Info:    ... okay on input line 10.
LaTeX Font Info:    Checking defaults for T1/cmr/m/n on input line 10.
LaTeX Font Info:    ... okay on input line 10.
LaTeX Font Info:    Checking defaults for OT1/cmr/m/n on input line 10.
LaTeX Font Info:    ... okay on input line 10.
LaTeX Font Info:    Checking defaults for OMS/cmsy/m/n on input line 10.
LaTeX Font Info:    ... okay on input line 10.
LaTeX Font Info:    Checking defaults for OMX/cmex/m/n on input line 10.
LaTeX Font Info:    ... okay on input line 10.
LaTeX Font Info:    Checking defaults for U/cmr/m/n on input line 10.
LaTeX Font Info:    ... okay on input line 10.
LaTeX Font Info:    External font `cmex10' loaded for size
(Font)              <12> on input line 11.
LaTeX Font Info:    External font `cmex10' loaded for size
(Font)              <8> on input line 11.
LaTeX Font Info:    External font `cmex10' loaded for size
(Font)              <6> on input line 11.
LaTeX Font Info:    External font `cmex10' loaded for size
(Font)              <7> on input line 15.
LaTeX Font Info:    External font `cmex10' loaded for size
(Font)              <5> on input line 15.

Overfull \hbox (32.07588pt too wide) in paragraph at lines 19--20
$\OML/cmm/m/it/10 S \OT1/cmr/m/n/10 = \OMS/cmsy/m/n/10 f\OT1/cmr/m/n/10 (\OML/cmm/m/it/10 H; \OT1/cmr/m/n/10 1)\OML/cmm/m/it/10 ; \OT1/cmr/m/n/10 (\OML/cmm/m/it/10 H; \OT1/cmr/m/n/10 2)\OML/cmm/m/it/10 ; \OT1/cmr/m/n/10 (\OML/cmm/m/it/10 H; \OT1/cmr/m/n/10 3)\OML/cmm/m/it/10 ; \OT1/cmr/m/n/10 (\OML/cmm/m/it/10 H; \OT1/cmr/m/n/10 4)\OML/cmm/m/it/10 ; \OT1/cmr/m/n/10 (\OML/cmm/m/it/10 H; \OT1/cmr/m/n/10 5)\OML/cmm/m/it/10 ; \OT1/cmr/m/n/10 (\OML/cmm/m/it/10 H; \OT1/cmr/m/n/10 6)\OML/cmm/m/it/10 ; \OT1/cmr/m/n/10 (\OML/cmm/m/it/10 T; \OT1/cmr/m/n/10 1)\OML/cmm/m/it/10 ; \OT1/cmr/m/n/10 (\OML/cmm/m/it/10 T; \OT1/cmr/m/n/10 2)\OML/cmm/m/it/10 ; \OT1/cmr/m/n/10 (\OML/cmm/m/it/10 T; \OT1/cmr/m/n/10 3)\OML/cmm/m/it/10 ; \OT1/cmr/m/n/10 (\OML/cmm/m/it/10 T; \OT1/cmr/m/n/10 4)\OML/cmm/m/it/10 ; \OT1/cmr/m/n/10 (\OML/cmm/m/it/10 T; \OT1/cmr/m/n/10 5)\OML/cmm/m/it/10 ; \OT1/cmr/m/n/10 (\OML/cmm/m/it/10 T; \OT1/cmr/m/n/10 6)\OMS/cmsy/m/n/10 g$ 
 []

[1

{C:/Users/Kamil/AppData/Local/MiKTeX/2.9/pdftex/config/pdftex.map}] [2] (c:/Users\Kamil\Desktop\statsex11week13\statsex11wk13.aux) ) 
Here is how much of TeX's memory you used:
 235 strings out of 493305
 2929 string characters out of 3134122
 56825 words of memory out of 3000000
 3860 multiletter control sequences out of 15000+200000
 7895 words of font info for 28 fonts, out of 3000000 for 9000
 1141 hyphenation exceptions out of 8191
 23i,6n,17p,206b,199s stack positions out of 5000i,500n,10000p,200000b,50000s
<C:/1 Things/Software & Programs/MiKTeX/fonts/type1/public/amsfonts/cm/cmbx10.pfb><C:/1 Things/Software & Programs/MiKTeX/fonts/type1/public/amsfonts/cm/cmbx12.pfb><C:/1 Things/Software & Programs/MiKTeX/fonts/type1/public/amsfonts/cm/cmmi10.pfb><C:/1 Things/Software & Programs/MiKTeX/fonts/type1/public/amsfonts/cm/cmmi7.pfb><C:/1 Things/Software & Programs/MiKTeX/fonts/type1/public/amsfonts/cm/cmr10.pfb><C:/1 Things/Software & Programs/MiKTeX/fonts/type1/public/amsfonts/cm/cmr12.pfb><C:/1 Things/Software & Programs/MiKTeX/fonts/type1/public/amsfonts/cm/cmr17.pfb><C:/1 Things/Software & Programs/MiKTeX/fonts/type1/public/amsfonts/cm/cmr7.pfb><C:/1 Things/Software & Programs/MiKTeX/fonts/type1/public/amsfonts/cm/cmsy10.pfb><C:/1 Things/Software & Programs/MiKTeX/fonts/type1/public/amsfonts/cm/cmsy7.pfb>
Output written on c:/Users\Kamil\Desktop\statsex11week13\statsex11wk13.pdf (2 pages, 110388 bytes).
PDF statistics:
 49 PDF objects out of 1000 (max. 8388607)
 0 named destinations out of 1000 (max. 500000)
 1 words of extra memory for PDF output out of 10000 (max. 10000000)

