This is pdfTeX, Version 3.14159265-2.6-1.40.19 (MiKTeX 2.9.6630 64-bit) (preloaded format=pdflatex 2018.4.25)  13 MAR 2019 18:51
entering extended mode
**"c:/1 Things/Uni Work/CompSciNotes/Year 1/Stats/StatsEx16/statsex16.tex"
("c:/1 Things/Uni Work/CompSciNotes/Year 1/Stats/StatsEx16/statsex16.tex"
LaTeX2e <2017-04-15>
Babel <3.18> and hyphenation patterns for 75 language(s) loaded.
("C:\1 Things\Software & Programs\MiKTeX\tex\latex\base\article.cls"
Document Class: article 2014/09/29 v1.4h Standard LaTeX document class
("C:\1 Things\Software & Programs\MiKTeX\tex\latex\base\size10.clo"
File: size10.clo 2014/09/29 v1.4h Standard LaTeX file (size option)
)
\c@part=\count79
\c@section=\count80
\c@subsection=\count81
\c@subsubsection=\count82
\c@paragraph=\count83
\c@subparagraph=\count84
\c@figure=\count85
\c@table=\count86
\abovecaptionskip=\skip41
\belowcaptionskip=\skip42
\bibindent=\dimen102
) ("c:/1 Things\Uni Work\CompSciNotes\Year 1\Stats\StatsEx16\statsex16.aux")
\openout1 = `statsex16.aux'.

LaTeX Font Info:    Checking defaults for OML/cmm/m/it on input line 10.
LaTeX Font Info:    ... okay on input line 10.
LaTeX Font Info:    Checking defaults for T1/cmr/m/n on input line 10.
LaTeX Font Info:    ... okay on input line 10.
LaTeX Font Info:    Checking defaults for OT1/cmr/m/n on input line 10.
LaTeX Font Info:    ... okay on input line 10.
LaTeX Font Info:    Checking defaults for OMS/cmsy/m/n on input line 10.
LaTeX Font Info:    ... okay on input line 10.
LaTeX Font Info:    Checking defaults for OMX/cmex/m/n on input line 10.
LaTeX Font Info:    ... okay on input line 10.
LaTeX Font Info:    Checking defaults for U/cmr/m/n on input line 10.
LaTeX Font Info:    ... okay on input line 10.
LaTeX Font Info:    External font `cmex10' loaded for size
(Font)              <12> on input line 11.
LaTeX Font Info:    External font `cmex10' loaded for size
(Font)              <8> on input line 11.
LaTeX Font Info:    External font `cmex10' loaded for size
(Font)              <6> on input line 11.
 [1

{C:/Users/Kamil/AppData/Local/MiKTeX/2.9/pdftex/config/pdftex.map}] ("c:/1 Things\Uni Work\CompSciNotes\Year 1\Stats\StatsEx16\statsex16.aux") ) 
Here is how much of TeX's memory you used:
 230 strings out of 493305
 3009 string characters out of 3134122
 54825 words of memory out of 3000000
 3856 multiletter control sequences out of 15000+200000
 7280 words of font info for 26 fonts, out of 3000000 for 9000
 1141 hyphenation exceptions out of 8191
 23i,6n,17p,176b,199s stack positions out of 5000i,500n,10000p,200000b,50000s
<C:/1 Things/Software & Programs/MiKTeX/fonts/type1/public/amsfonts/cm/cmbx12.pfb><C:/1 Things/Software & Programs/MiKTeX/fonts/type1/public/amsfonts/cm/cmr10.pfb><C:/1 Things/Software & Programs/MiKTeX/fonts/type1/public/amsfonts/cm/cmr12.pfb><C:/1 Things/Software & Programs/MiKTeX/fonts/type1/public/amsfonts/cm/cmr17.pfb>
Output written on "c:/1 Things\Uni Work\CompSciNotes\Year 1\Stats\StatsEx16\statsex16.pdf" (1 page, 41373 bytes).
PDF statistics:
 22 PDF objects out of 1000 (max. 8388607)
 0 named destinations out of 1000 (max. 500000)
 1 words of extra memory for PDF output out of 10000 (max. 10000000)

